
> mainapp@1.0.0 start
> webpack serve --open --mode development

<i> [webpack-dev-server] Project is running at:
<i> [webpack-dev-server] On Your Network (IPv4): http://192.168.0.124:7070/
<i> [webpack-dev-server] Content not from webpack is served from '/home/appystack/softwares/mainapp/public' directory
<i> [webpack-dev-server] 404s will fallback to '/index.html'
<i> [webpack-dev-middleware] wait until bundle finished: /
<i> [webpack-dev-middleware] wait until bundle finished: /
<i> [webpack-dev-middleware] wait until bundle finished: /opd/patientlist
<i> [webpack-dev-middleware] wait until bundle finished: /opd/patientlist
assets by info 2.75 MiB [immutable]
  assets by path *.png 1.47 MiB 57 assets
  assets by path *.svg 717 KiB 12 assets
  assets by path *.jpg 457 KiB 3 assets
  asset 7d5b48dbb786d3e9e27e4ae2365147b2.pdf 143 KiB [emitted] [immutable] [from: src/OPD/assets/Images/pdf.pdf]
  asset c9e0e3be12e0623ffdf5678b71257e14.jpeg 1.53 KiB [emitted] [immutable] [from: src/IPD/components/admissonForm/assets/Images/blankProfile.jpeg]
assets by path *.js 45.9 MiB
  assets by chunk 36.7 MiB (id hint: vendors)
    asset vendors-node_modules_mui_icons-material_esm_index_js.js 19.8 MiB [emitted] (id hint: vendors)
    asset vendors-node_modules_babel_runtime_helpers_esm_asyncToGenerator_js-node_modules_babel_runtime-353ab4.js 6.3 MiB [emitted] (id hint: vendors)
    asset vendors-node_modules_recharts_es6_index_js.js 1.71 MiB [emitted] (id hint: vendors)
    + 36 assets
  + 16 assets
asset index.html 306 bytes [emitted]
13356 modules
webpack 5.74.0 compiled successfully in 87674 ms
<i> [webpack-dev-middleware] wait until bundle finished: /main.js
<i> [webpack-dev-middleware] wait until bundle finished: /vendors-node_modules_mui_material_esm_Alert_Alert_js-node_modules_mui_material_esm_AppBar_App-86b428.js
<i> [webpack-dev-middleware] wait until bundle finished: /vendors-node_modules_prop-types_index_js.js
<i> [webpack-dev-middleware] wait until bundle finished: /vendors-node_modules_mui_material_esm_Button_Button_js-node_modules_mui_material_esm_Dialog_D-64dbf6.js
<i> [webpack-dev-middleware] wait until bundle finished: /vendors-node_modules_babel_runtime_helpers_esm_objectWithoutPropertiesLoose_js-node_modules_m-07d7d9.js
<i> [webpack-dev-middleware] wait until bundle finished: /vendors-node_modules_mui_material_esm_utils_createSvgIcon_js.js
<i> [webpack-dev-middleware] wait until bundle finished: /vendors-node_modules_mui_material_esm_Alert_Alert_js-node_modules_mui_material_esm_AppBar_App-86b428.js
<i> [webpack-dev-middleware] wait until bundle finished: /vendors-node_modules_mui_material_esm_Button_Button_js-node_modules_mui_material_esm_Dialog_D-64dbf6.js
<i> [webpack-dev-middleware] wait until bundle finished: /vendors-node_modules_mui_x-date-pickers_DatePicker_DatePicker_js-node_modules_mui_x-date-pick-6139e6.js
<i> [webpack-dev-middleware] wait until bundle finished: /vendors-node_modules_prop-types_index_js.js
<i> [webpack-dev-middleware] wait until bundle finished: /vendors-node_modules_mui_material_esm_utils_createSvgIcon_js.js
<i> [webpack-dev-middleware] wait until bundle finished: /vendors-node_modules_babel_runtime_helpers_esm_objectWithoutPropertiesLoose_js-node_modules_m-07d7d9.js
<i> [webpack-dev-middleware] wait until bundle finished: /vendors-node_modules_mui_x-date-pickers_DatePicker_DatePicker_js-node_modules_mui_x-date-pick-6139e6.js
assets by status 48.4 MiB [cached] 128 assets
assets by path . 294 KiB
  assets by path *.js 294 KiB
    asset main.js 293 KiB [emitted] (name: main)
    asset main.c6f9e0fc09f6c17beed3.hot-update.js 850 bytes [emitted] [immutable] [hmr] (name: main)
  asset index.html 306 bytes [emitted]
  asset main.c6f9e0fc09f6c17beed3.hot-update.json 28 bytes [emitted] [immutable] [hmr]
Entrypoint main 294 KiB = main.js 293 KiB main.c6f9e0fc09f6c17beed3.hot-update.js 850 bytes
cached modules 27.5 MiB (javascript) 1.19 KiB (share-init) 1.19 KiB (consume-shared) [cached] 13337 modules
runtime modules 69.6 KiB 18 modules
./node_modules/css-loader/dist/cjs.js!./node_modules/postcss-loader/dist/cjs.js!./src/index.scss 74.8 KiB [built]
webpack 5.74.0 compiled successfully in 2415 ms
assets by status 39.6 MiB [cached] 127 assets
assets by path . 10.1 MiB
  assets by path *.js 10.1 MiB
    assets by info 1.06 MiB [immutable]
      asset src_App_jsx-webpack_sharing_consume_default_hookform_resolvers_hookform_resolvers.370d7213ea2d5ed54d29.hot-update.js 1.06 MiB [emitted] [immutable] [hmr]
      asset main.370d7213ea2d5ed54d29.hot-update.js 850 bytes [emitted] [immutable] [hmr] (name: main)
    asset src_App_jsx-webpack_sharing_consume_default_hookform_resolvers_hookform_resolvers.js 8.8 MiB [emitted]
    asset main.js 293 KiB [emitted] (name: main)
  asset index.html 306 bytes [emitted]
  asset main.370d7213ea2d5ed54d29.hot-update.json 112 bytes [emitted] [immutable] [hmr]
Entrypoint main 294 KiB = main.js 293 KiB main.370d7213ea2d5ed54d29.hot-update.js 850 bytes
cached modules 26.8 MiB (javascript) 1.19 KiB (share-init) 1.19 KiB (consume-shared) [cached] 13298 modules
runtime modules 69.6 KiB 18 modules
javascript modules 790 KiB
  code generated modules 732 KiB [code generated]
    modules by path ./src/master/ 244 KiB 17 modules
    modules by path ./src/emergency/ 124 KiB 8 modules
    modules by path ./src/OPD/ 121 KiB 6 modules
    modules by path ./src/Billing/Components/OpdBill/*.jsx 106 KiB 2 modules
    modules by path ./src/Reports/*.jsx 48.6 KiB 2 modules
    modules by path ./src/nursing/ 10.5 KiB 2 modules
    + 2 modules
  ./src/OPD/components/Patient Registration Form/PatientRegistrationForm.js 23.7 KiB [built]
  ./src/Common Components/FormFields/SearchBar.jsx 3.82 KiB [built]
  ./src/Common Components/FormFields/ControlledCheckBoxField.jsx 1.59 KiB [built]
  ./src/master/components/usermanagement/employees/users/UsersModal.js 28 KiB [built]
webpack 5.74.0 compiled successfully in 13129 ms
Killed

> mainapp@1.0.0 start
> webpack serve --open --mode development

<i> [webpack-dev-server] Project is running at:
<i> [webpack-dev-server] On Your Network (IPv4): http://192.168.0.124:7070/
<i> [webpack-dev-server] Content not from webpack is served from '/home/appystack/softwares/mainapp/public' directory
<i> [webpack-dev-server] 404s will fallback to '/index.html'
<i> [webpack-dev-middleware] wait until bundle finished: /
assets by info 2.75 MiB [immutable]
  assets by path *.png 1.47 MiB 57 assets
  assets by path *.svg 717 KiB 12 assets
  assets by path *.jpg 457 KiB 3 assets
  asset 7d5b48dbb786d3e9e27e4ae2365147b2.pdf 143 KiB [emitted] [immutable] [from: src/OPD/assets/Images/pdf.pdf]
  asset c9e0e3be12e0623ffdf5678b71257e14.jpeg 1.53 KiB [emitted] [immutable] [from: src/IPD/components/admissonForm/assets/Images/blankProfile.jpeg]
assets by path *.js 45.9 MiB
  assets by chunk 36.7 MiB (id hint: vendors)
    asset vendors-node_modules_mui_icons-material_esm_index_js.js 19.8 MiB [emitted] (id hint: vendors)
    asset vendors-node_modules_babel_runtime_helpers_esm_asyncToGenerator_js-node_modules_babel_runtime-353ab4.js 6.3 MiB [emitted] (id hint: vendors)
    asset vendors-node_modules_recharts_es6_index_js.js 1.71 MiB [emitted] (id hint: vendors)
    + 36 assets
  + 16 assets
asset index.html 306 bytes [emitted]
13359 modules
webpack 5.74.0 compiled successfully in 77563 ms
<i> [webpack-dev-middleware] wait until bundle finished: /main.dfb9f062c8e4da114d7d.hot-update.json
<i> [webpack-dev-middleware] wait until bundle finished: /main.dfb9f062c8e4da114d7d.hot-update.json
<i> [webpack-dev-middleware] wait until bundle finished: /main.dfb9f062c8e4da114d7d.hot-update.json
<i> [webpack-dev-middleware] wait until bundle finished: /main.dfb9f062c8e4da114d7d.hot-update.json
<i> [webpack-dev-middleware] wait until bundle finished: /main.dfb9f062c8e4da114d7d.hot-update.json
<i> [webpack-dev-middleware] wait until bundle finished: /main.dfb9f062c8e4da114d7d.hot-update.json
<i> [webpack-dev-middleware] wait until bundle finished: /main.370d7213ea2d5ed54d29.hot-update.json
<i> [webpack-dev-middleware] wait until bundle finished: /vendors-node_modules_prop-types_index_js.js
<i> [webpack-dev-middleware] wait until bundle finished: /vendors-node_modules_babel_runtime_helpers_esm_objectWithoutPropertiesLoose_js-node_modules_m-07d7d9.js
<i> [webpack-dev-middleware] wait until bundle finished: /vendors-node_modules_mui_material_esm_utils_createSvgIcon_js.js
<i> [webpack-dev-middleware] wait until bundle finished: /vendors-node_modules_mui_material_esm_Alert_Alert_js-node_modules_mui_material_esm_AppBar_App-86b428.js
<i> [webpack-dev-middleware] wait until bundle finished: /vendors-node_modules_mui_material_esm_Button_Button_js-node_modules_mui_material_esm_Dialog_D-64dbf6.js
<i> [webpack-dev-middleware] wait until bundle finished: /main.370d7213ea2d5ed54d29.hot-update.json
assets by status 48.4 MiB [cached] 128 assets
assets by path . 294 KiB
  assets by path *.js 294 KiB
    asset main.js 293 KiB [emitted] (name: main)
    asset main.c02442384f888685df12.hot-update.js 850 bytes [emitted] [immutable] [hmr] (name: main)
  asset index.html 306 bytes [emitted]
  asset main.c02442384f888685df12.hot-update.json 28 bytes [emitted] [immutable] [hmr]
Entrypoint main 294 KiB = main.js 293 KiB main.c02442384f888685df12.hot-update.js 850 bytes
cached modules 27.5 MiB (javascript) 1.19 KiB (share-init) 1.19 KiB (consume-shared) [cached] 13340 modules
runtime modules 69.6 KiB 18 modules
./node_modules/css-loader/dist/cjs.js!./node_modules/postcss-loader/dist/cjs.js!./src/index.scss 75.1 KiB [built]
webpack 5.74.0 compiled successfully in 2493 ms

> mainapp@1.0.0 start
> webpack serve --open --mode development

/home/appystack/softwares/mainapp/node_modules/webpack-dev-server/lib/Server.js:2476
        throw error;
        ^

Error: listen EADDRINUSE: address already in use 192.168.0.124:7070
    at Server.setupListenHandle [as _listen2] (node:net:1432:16)
    at listenInCluster (node:net:1480:12)
    at doListen (node:net:1629:7)
    at processTicksAndRejections (node:internal/process/task_queues:84:21) {
  code: 'EADDRINUSE',
  errno: -98,
  syscall: 'listen',
  address: '192.168.0.124',
  port: 7070
}

> mainapp@1.0.0 start
> webpack serve --open --mode development

/home/appystack/softwares/mainapp/node_modules/webpack-dev-server/lib/Server.js:2476
        throw error;
        ^

Error: listen EADDRINUSE: address already in use 192.168.0.124:7070
    at Server.setupListenHandle [as _listen2] (node:net:1432:16)
    at listenInCluster (node:net:1480:12)
    at doListen (node:net:1629:7)
    at processTicksAndRejections (node:internal/process/task_queues:84:21) {
  code: 'EADDRINUSE',
  errno: -98,
  syscall: 'listen',
  address: '192.168.0.124',
  port: 7070
}

> mainapp@1.0.0 start
> webpack serve --open --mode development

<i> [webpack-dev-server] Project is running at:
<i> [webpack-dev-server] On Your Network (IPv4): http://192.168.0.124:7070/
<i> [webpack-dev-server] Content not from webpack is served from '/home/appystack/softwares/mainapp/public' directory
<i> [webpack-dev-server] 404s will fallback to '/index.html'
<i> [webpack-dev-middleware] wait until bundle finished: /billing/opd
<i> [webpack-dev-middleware] wait until bundle finished: /
<i> [webpack-dev-middleware] wait until bundle finished: /
assets by info 2.75 MiB [immutable]
  assets by path *.png 1.47 MiB 57 assets
  assets by path *.svg 717 KiB 12 assets
  assets by path *.jpg 457 KiB 3 assets
  asset 7d5b48dbb786d3e9e27e4ae2365147b2.pdf 143 KiB [emitted] [immutable] [from: src/OPD/assets/Images/pdf.pdf]
  asset c9e0e3be12e0623ffdf5678b71257e14.jpeg 1.53 KiB [emitted] [immutable] [from: src/IPD/components/admissonForm/assets/Images/blankProfile.jpeg]
assets by path *.js 46.6 MiB
  assets by chunk 36.8 MiB (id hint: vendors)
    asset vendors-node_modules_mui_icons-material_esm_index_js.js 19.8 MiB [emitted] (id hint: vendors)
    asset vendors-node_modules_babel_runtime_helpers_esm_asyncToGenerator_js-node_modules_babel_runtime-b356f4.js 6.32 MiB [emitted] (id hint: vendors)
    asset vendors-node_modules_recharts_es6_index_js.js 1.71 MiB [emitted] (id hint: vendors)
    + 36 assets
  + 15 assets
asset index.html 306 bytes [emitted]
13397 modules
webpack 5.74.0 compiled successfully in 115838 ms
<i> [webpack-dev-middleware] wait until bundle finished: /main.dff3aa75b13cd2fc2609.hot-update.json
<i> [webpack-dev-middleware] wait until bundle finished: /main.js
<i> [webpack-dev-middleware] wait until bundle finished: /vendors-node_modules_prop-types_index_js.js
<i> [webpack-dev-middleware] wait until bundle finished: /vendors-node_modules_babel_runtime_helpers_esm_objectWithoutPropertiesLoose_js-node_modules_m-07d7d9.js
<i> [webpack-dev-middleware] wait until bundle finished: /vendors-node_modules_mui_material_esm_utils_createSvgIcon_js.js
<i> [webpack-dev-middleware] wait until bundle finished: /vendors-node_modules_mui_material_esm_Alert_Alert_js-node_modules_mui_material_esm_AppBar_App-86b428.js
<i> [webpack-dev-middleware] wait until bundle finished: /vendors-node_modules_mui_material_esm_Button_Button_js-node_modules_mui_material_esm_Dialog_D-64dbf6.js
<i> [webpack-dev-middleware] wait until bundle finished: /vendors-node_modules_mui_x-date-pickers_DatePicker_DatePicker_js-node_modules_mui_x-date-pick-6139e6.js
<i> [webpack-dev-middleware] wait until bundle finished: /vendors-node_modules_prop-types_index_js.js
<i> [webpack-dev-middleware] wait until bundle finished: /vendors-node_modules_babel_runtime_helpers_esm_objectWithoutPropertiesLoose_js-node_modules_m-07d7d9.js
<i> [webpack-dev-middleware] wait until bundle finished: /vendors-node_modules_mui_material_esm_utils_createSvgIcon_js.js
<i> [webpack-dev-middleware] wait until bundle finished: /vendors-node_modules_mui_material_esm_Alert_Alert_js-node_modules_mui_material_esm_AppBar_App-86b428.js
<i> [webpack-dev-middleware] wait until bundle finished: /vendors-node_modules_mui_material_esm_Button_Button_js-node_modules_mui_material_esm_Dialog_D-64dbf6.js
<i> [webpack-dev-middleware] wait until bundle finished: /vendors-node_modules_mui_x-date-pickers_DatePicker_DatePicker_js-node_modules_mui_x-date-pick-6139e6.js
assets by status 49 MiB [cached] 127 assets
assets by path . 294 KiB
  assets by path *.js 293 KiB
    asset main.js 293 KiB [emitted] (name: main)
    asset main.5084ea6098aa27a3fba5.hot-update.js 850 bytes [emitted] [immutable] [hmr] (name: main)
  asset index.html 306 bytes [emitted]
  asset main.5084ea6098aa27a3fba5.hot-update.json 28 bytes [emitted] [immutable] [hmr]
Entrypoint main 293 KiB = main.js 293 KiB main.5084ea6098aa27a3fba5.hot-update.js 850 bytes
cached modules 27.9 MiB (javascript) 1.15 KiB (share-init) 1.15 KiB (consume-shared) [cached] 13378 modules
runtime modules 69.1 KiB 18 modules
./node_modules/css-loader/dist/cjs.js!./node_modules/postcss-loader/dist/cjs.js!./src/index.scss 81.1 KiB [built]
webpack 5.74.0 compiled successfully in 2684 ms
assets by status 33.3 MiB [cached] 125 assets
assets by path . 18.1 MiB
  assets by path *.js 18.1 MiB
    assets by info 1.75 MiB [immutable]
      asset src_App_jsx-webpack_sharing_consume_default_hookform_resolvers_hookform_resolvers.dff3aa75b13cd2fc2609.hot-update.js 1.75 MiB [emitted] [immutable] [hmr]
      asset main.dff3aa75b13cd2fc2609.hot-update.js 2.8 KiB [emitted] [immutable] [hmr] (name: main)
    asset src_App_jsx-webpack_sharing_consume_default_hookform_resolvers_hookform_resolvers.js 9.7 MiB [emitted]
    asset vendors-node_modules_babel_runtime_helpers_esm_asyncToGenerator_js-node_modules_babel_runtime-8b9b75.js 6.32 MiB [emitted] (id hint: vendors)
    asset main.js 293 KiB [emitted] (name: main)
  asset index.html 306 bytes [emitted]
  asset main.dff3aa75b13cd2fc2609.hot-update.json 298 bytes [emitted] [immutable] [hmr]
Entrypoint main 295 KiB = main.js 293 KiB main.dff3aa75b13cd2fc2609.hot-update.js 2.8 KiB
cached modules 27 MiB (javascript) 1.15 KiB (share-init) 1.15 KiB (consume-shared) [cached] 13313 modules
runtime modules 69.1 KiB 18 modules
javascript modules 1.16 MiB
  modules by path ./src/ 1.16 MiB
    built modules 1.13 MiB [built] 85 modules
    ./src/index.js 16 bytes [code generated]
    ./src/admission/admissionform/personaldetails/BasicInfo.js 29.2 KiB [code generated]
  modules by path ./node_modules/@mui/icons-material/*.js 1.2 KiB
    ./node_modules/@mui/icons-material/LocalPrintshop.js 615 bytes [built] [code generated]
    ./node_modules/@mui/icons-material/RemoveCircleOutline.js 614 bytes [built] [code generated]
webpack 5.74.0 compiled successfully in 15208 ms
<i> [webpack-dev-server] Gracefully shutting down. To force exit, press ^C again. Please wait...

> mainapp@1.0.0 start
> webpack serve --open --mode development

<i> [webpack-dev-server] Project is running at:
<i> [webpack-dev-server] On Your Network (IPv4): http://192.168.0.124:7070/
<i> [webpack-dev-server] Content not from webpack is served from '/home/appystack/softwares/mainapp/public' directory
<i> [webpack-dev-server] 404s will fallback to '/index.html'
<i> [webpack-dev-middleware] wait until bundle finished: /opd/quickregistration
<i> [webpack-dev-middleware] wait until bundle finished: /opd/visitlist
assets by info 2.75 MiB [immutable]
  assets by path *.png 1.47 MiB 57 assets
  assets by path *.svg 717 KiB 12 assets
  assets by path *.jpg 457 KiB 3 assets
  asset 7d5b48dbb786d3e9e27e4ae2365147b2.pdf 143 KiB [emitted] [immutable] [from: src/OPD/assets/Images/pdf.pdf]
  asset c9e0e3be12e0623ffdf5678b71257e14.jpeg 1.53 KiB [emitted] [immutable] [from: src/IPD/components/admissonForm/assets/Images/blankProfile.jpeg]
assets by path *.js 46.9 MiB
  assets by chunk 36.8 MiB (id hint: vendors)
    asset vendors-node_modules_mui_icons-material_esm_index_js.js 19.8 MiB [emitted] (id hint: vendors)
    asset vendors-node_modules_babel_runtime_helpers_esm_asyncToGenerator_js-node_modules_babel_runtime-8b9b75.js 6.32 MiB [emitted] (id hint: vendors)
    asset vendors-node_modules_recharts_es6_index_js.js 1.71 MiB [emitted] (id hint: vendors)
    + 36 assets
  + 15 assets
asset index.html 306 bytes [emitted]
13420 modules
webpack 5.74.0 compiled successfully in 152717 ms
<i> [webpack-dev-middleware] wait until bundle finished: /main.js
<i> [webpack-dev-middleware] wait until bundle finished: /vendors-node_modules_prop-types_index_js.js
<i> [webpack-dev-middleware] wait until bundle finished: /vendors-node_modules_mui_material_esm_utils_createSvgIcon_js.js
<i> [webpack-dev-middleware] wait until bundle finished: /vendors-node_modules_babel_runtime_helpers_esm_objectWithoutPropertiesLoose_js-node_modules_m-07d7d9.js
assets by status 49.3 MiB [cached] 127 assets
assets by path . 294 KiB
  assets by path *.js 293 KiB
    asset main.js 293 KiB [emitted] (name: main)
    asset main.852220f5ab3325809e42.hot-update.js 850 bytes [emitted] [immutable] [hmr] (name: main)
  asset index.html 306 bytes [emitted]
  asset main.852220f5ab3325809e42.hot-update.json 28 bytes [emitted] [immutable] [hmr]
Entrypoint main 293 KiB = main.js 293 KiB main.852220f5ab3325809e42.hot-update.js 850 bytes
cached modules 28 MiB (javascript) 1.15 KiB (share-init) 1.15 KiB (consume-shared) [cached] 13401 modules
runtime modules 69.1 KiB 18 modules
./node_modules/css-loader/dist/cjs.js!./node_modules/postcss-loader/dist/cjs.js!./src/index.scss 82.9 KiB [built]
webpack 5.74.0 compiled successfully in 3205 ms
